2026-04-08 09:42:49 [background-preinit] INFO  o.h.validator.internal.util.Version - HV000001: Hibernate Validator 8.0.3.Final
2026-04-08 09:42:49 [main] INFO  o.m.OrionpayMerchantServiceApplication - Starting OrionpayMerchantServiceApplication using Java 25 with PID 25436 (C:\Users\chico\Github\projects\orionpay-merchant-service\target\classes started by chico in C:\Users\chico\Github\projects\orionpay-merchant-service)
2026-04-08 09:42:49 [main] INFO  o.m.OrionpayMerchantServiceApplication - No active profile set, falling back to 1 default profile: "default"
2026-04-08 09:42:50 [main] INFO  o.s.d.r.c.RepositoryConfigurationDelegate - Multiple Spring Data modules found, entering strict repository configuration mode
2026-04-08 09:42:50 [main] INFO  o.s.d.r.c.RepositoryConfigurationDelegate - Bootstrapping Spring Data JPA repositories in DEFAULT mode.
2026-04-08 09:42:51 [main] INFO  o.s.d.r.c.RepositoryConfigurationDelegate - Finished Spring Data repository scanning in 206 ms. Found 15 JPA repository interfaces.
2026-04-08 09:42:51 [main] INFO  o.s.d.r.c.RepositoryConfigurationDelegate - Multiple Spring Data modules found, entering strict repository configuration mode
2026-04-08 09:42:51 [main] INFO  o.s.d.r.c.RepositoryConfigurationDelegate - Bootstrapping Spring Data Redis repositories in DEFAULT mode.
2026-04-08 09:42:51 [main] INFO  o.s.d.r.c.RepositoryConfigurationExtensionSupport - Spring Data Redis - Could not safely identify store assignment for repository candidate interface orionpay.merchant.infrastructure.adapters.output.persistence.reposittory.JpaAuditLogRepository; If you want this repository to be a Redis repository, consider annotating your entities with one of these annotations: org.springframework.data.redis.core.RedisHash (preferred), or consider extending one of the following types with your repository: org.springframework.data.keyvalue.repository.KeyValueRepository
2026-04-08 09:42:51 [main] INFO  o.s.d.r.c.RepositoryConfigurationExtensionSupport - Spring Data Redis - Could not safely identify store assignment for repository candidate interface orionpay.merchant.infrastructure.adapters.output.persistence.reposittory.JpaAuthUserRepository; If you want this repository to be a Redis repository, consider annotating your entities with one of these annotations: org.springframework.data.redis.core.RedisHash (preferred), or consider extending one of the following types with your repository: org.springframework.data.keyvalue.repository.KeyValueRepository
2026-04-08 09:42:51 [main] INFO  o.s.d.r.c.RepositoryConfigurationExtensionSupport - Spring Data Redis - Could not safely identify store assignment for repository candidate interface orionpay.merchant.infrastructure.adapters.output.persistence.reposittory.JpaDailySummaryRepository; If you want this repository to be a Redis repository, consider annotating your entities with one of these annotations: org.springframework.data.redis.core.RedisHash (preferred), or consider extending one of the following types with your repository: org.springframework.data.keyvalue.repository.KeyValueRepository
2026-04-08 09:42:51 [main] INFO  o.s.d.r.c.RepositoryConfigurationExtensionSupport - Spring Data Redis - Could not safely identify store assignment for repository candidate interface orionpay.merchant.infrastructure.adapters.output.persistence.reposittory.JpaJournalRepository; If you want this repository to be a Redis repository, consider annotating your entities with one of these annotations: org.springframework.data.redis.core.RedisHash (preferred), or consider extending one of the following types with your repository: org.springframework.data.keyvalue.repository.KeyValueRepository
2026-04-08 09:42:51 [main] INFO  o.s.d.r.c.RepositoryConfigurationExtensionSupport - Spring Data Redis - Could not safely identify store assignment for repository candidate interface orionpay.merchant.infrastructure.adapters.output.persistence.reposittory.JpaLedgerAccountRepository; If you want this repository to be a Redis repository, consider annotating your entities with one of these annotations: org.springframework.data.redis.core.RedisHash (preferred), or consider extending one of the following types with your repository: org.springframework.data.keyvalue.repository.KeyValueRepository
2026-04-08 09:42:51 [main] INFO  o.s.d.r.c.RepositoryConfigurationExtensionSupport - Spring Data Redis - Could not safely identify store assignment for repository candidate interface orionpay.merchant.infrastructure.adapters.output.persistence.reposittory.JpaLedgerEntryRepository; If you want this repository to be a Redis repository, consider annotating your entities with one of these annotations: org.springframework.data.redis.core.RedisHash (preferred), or consider extending one of the following types with your repository: org.springframework.data.keyvalue.repository.KeyValueRepository
2026-04-08 09:42:51 [main] INFO  o.s.d.r.c.RepositoryConfigurationExtensionSupport - Spring Data Redis - Could not safely identify store assignment for repository candidate interface orionpay.merchant.infrastructure.adapters.output.persistence.reposittory.JpaMerchantRepository; If you want this repository to be a Redis repository, consider annotating your entities with one of these annotations: org.springframework.data.redis.core.RedisHash (preferred), or consider extending one of the following types with your repository: org.springframework.data.keyvalue.repository.KeyValueRepository
2026-04-08 09:42:51 [main] INFO  o.s.d.r.c.RepositoryConfigurationExtensionSupport - Spring Data Redis - Could not safely identify store assignment for repository candidate interface orionpay.merchant.infrastructure.adapters.output.persistence.reposittory.JpaOutboxRepository; If you want this repository to be a Redis repository, consider annotating your entities with one of these annotations: org.springframework.data.redis.core.RedisHash (preferred), or consider extending one of the following types with your repository: org.springframework.data.keyvalue.repository.KeyValueRepository
2026-04-08 09:42:51 [main] INFO  o.s.d.r.c.RepositoryConfigurationExtensionSupport - Spring Data Redis - Could not safely identify store assignment for repository candidate interface orionpay.merchant.infrastructure.adapters.output.persistence.reposittory.JpaPayoutRepository; If you want this repository to be a Redis repository, consider annotating your entities with one of these annotations: org.springframework.data.redis.core.RedisHash (preferred), or consider extending one of the following types with your repository: org.springframework.data.keyvalue.repository.KeyValueRepository
2026-04-08 09:42:51 [main] INFO  o.s.d.r.c.RepositoryConfigurationExtensionSupport - Spring Data Redis - Could not safely identify store assignment for repository candidate interface orionpay.merchant.infrastructure.adapters.output.persistence.reposittory.JpaPricingRepository; If you want this repository to be a Redis repository, consider annotating your entities with one of these annotations: org.springframework.data.redis.core.RedisHash (preferred), or consider extending one of the following types with your repository: org.springframework.data.keyvalue.repository.KeyValueRepository
2026-04-08 09:42:51 [main] INFO  o.s.d.r.c.RepositoryConfigurationExtensionSupport - Spring Data Redis - Could not safely identify store assignment for repository candidate interface orionpay.merchant.infrastructure.adapters.output.persistence.reposittory.JpaRefreshTokenRepository; If you want this repository to be a Redis repository, consider annotating your entities with one of these annotations: org.springframework.data.redis.core.RedisHash (preferred), or consider extending one of the following types with your repository: org.springframework.data.keyvalue.repository.KeyValueRepository
2026-04-08 09:42:51 [main] INFO  o.s.d.r.c.RepositoryConfigurationExtensionSupport - Spring Data Redis - Could not safely identify store assignment for repository candidate interface orionpay.merchant.infrastructure.adapters.output.persistence.reposittory.JpaSettlementEntryRepository; If you want this repository to be a Redis repository, consider annotating your entities with one of these annotations: org.springframework.data.redis.core.RedisHash (preferred), or consider extending one of the following types with your repository: org.springframework.data.keyvalue.repository.KeyValueRepository
2026-04-08 09:42:51 [main] INFO  o.s.d.r.c.RepositoryConfigurationExtensionSupport - Spring Data Redis - Could not safely identify store assignment for repository candidate interface orionpay.merchant.infrastructure.adapters.output.persistence.reposittory.JpaTerminalRepository; If you want this repository to be a Redis repository, consider annotating your entities with one of these annotations: org.springframework.data.redis.core.RedisHash (preferred), or consider extending one of the following types with your repository: org.springframework.data.keyvalue.repository.KeyValueRepository
2026-04-08 09:42:51 [main] INFO  o.s.d.r.c.RepositoryConfigurationExtensionSupport - Spring Data Redis - Could not safely identify store assignment for repository candidate interface orionpay.merchant.infrastructure.adapters.output.persistence.reposittory.JpaTransactionRepository; If you want this repository to be a Redis repository, consider annotating your entities with one of these annotations: org.springframework.data.redis.core.RedisHash (preferred), or consider extending one of the following types with your repository: org.springframework.data.keyvalue.repository.KeyValueRepository
2026-04-08 09:42:51 [main] INFO  o.s.d.r.c.RepositoryConfigurationExtensionSupport - Spring Data Redis - Could not safely identify store assignment for repository candidate interface orionpay.merchant.infrastructure.adapters.output.persistence.TransactionRepository; If you want this repository to be a Redis repository, consider annotating your entities with one of these annotations: org.springframework.data.redis.core.RedisHash (preferred), or consider extending one of the following types with your repository: org.springframework.data.keyvalue.repository.KeyValueRepository
2026-04-08 09:42:51 [main] INFO  o.s.d.r.c.RepositoryConfigurationDelegate - Finished Spring Data repository scanning in 41 ms. Found 0 Redis repository interfaces.
2026-04-08 09:42:52 [main] INFO  o.s.b.w.e.tomcat.TomcatWebServer - Tomcat initialized with port 8080 (http)
2026-04-08 09:42:52 [main] INFO  o.a.coyote.http11.Http11NioProtocol - Initializing ProtocolHandler ["http-nio-8080"]
2026-04-08 09:42:52 [main] INFO  o.a.catalina.core.StandardService - Starting service [Tomcat]
2026-04-08 09:42:52 [main] INFO  o.a.catalina.core.StandardEngine - Starting Servlet engine: [Apache Tomcat/10.1.52]
2026-04-08 09:42:52 [main] INFO  o.a.c.c.C.[Tomcat].[localhost].[/] - Initializing Spring embedded WebApplicationContext
2026-04-08 09:42:52 [main] INFO  o.s.b.w.s.c.ServletWebServerApplicationContext - Root WebApplicationContext: initialization completed in 2480 ms
2026-04-08 09:42:52 [main] INFO  o.h.jpa.internal.util.LogHelper - HHH000204: Processing PersistenceUnitInfo [name: default]
2026-04-08 09:42:52 [main] INFO  org.hibernate.Version - HHH000412: Hibernate ORM core version 6.6.42.Final
2026-04-08 09:42:52 [main] INFO  o.h.c.i.RegionFactoryInitiator - HHH000026: Second-level cache disabled
2026-04-08 09:42:53 [main] INFO  o.s.o.j.p.SpringPersistenceUnitInfo - No LoadTimeWeaver setup: ignoring JPA class transformer
2026-04-08 09:42:53 [main] INFO  com.zaxxer.hikari.HikariDataSource - HikariPool-1 - Starting...
2026-04-08 09:42:53 [main] INFO  com.zaxxer.hikari.pool.HikariPool - HikariPool-1 - Added connection org.postgresql.jdbc.PgConnection@5b1f0f26
2026-04-08 09:42:53 [main] INFO  com.zaxxer.hikari.HikariDataSource - HikariPool-1 - Start completed.
2026-04-08 09:42:53 [main] INFO  o.hibernate.orm.connections.pooling - HHH10001005: Database info:
	Database JDBC URL [Connecting through datasource 'HikariDataSource (HikariPool-1)']
	Database driver: undefined/unknown
	Database version: 18.2
	Autocommit mode: undefined/unknown
	Isolation level: undefined/unknown
	Minimum pool size: undefined/unknown
	Maximum pool size: undefined/unknown
2026-04-08 09:42:54 [main] INFO  o.h.e.t.j.p.i.JtaPlatformInitiator - HHH000489: No JTA platform available (set 'hibernate.transaction.jta.platform' to enable JTA platform integration)
2026-04-08 09:42:54 [main] INFO  o.s.o.j.LocalContainerEntityManagerFactoryBean - Initialized JPA EntityManagerFactory for persistence unit 'default'
2026-04-08 09:42:55 [main] INFO  o.s.d.j.r.query.QueryEnhancerFactory - Hibernate is in classpath; If applicable, HQL parser will be used.
2026-04-08 09:46:21 [background-preinit] INFO  o.h.validator.internal.util.Version - HV000001: Hibernate Validator 8.0.3.Final
2026-04-08 09:46:22 [main] INFO  o.m.OrionpayMerchantServiceApplication - Starting OrionpayMerchantServiceApplication using Java 25 with PID 11488 (C:\Users\chico\Github\projects\orionpay-merchant-service\target\classes started by chico in C:\Users\chico\Github\projects\orionpay-merchant-service)
2026-04-08 09:46:22 [main] INFO  o.m.OrionpayMerchantServiceApplication - No active profile set, falling back to 1 default profile: "default"
2026-04-08 09:46:22 [main] INFO  o.s.d.r.c.RepositoryConfigurationDelegate - Multiple Spring Data modules found, entering strict repository configuration mode
2026-04-08 09:46:22 [main] INFO  o.s.d.r.c.RepositoryConfigurationDelegate - Bootstrapping Spring Data JPA repositories in DEFAULT mode.
2026-04-08 09:46:22 [main] INFO  o.s.d.r.c.RepositoryConfigurationDelegate - Finished Spring Data repository scanning in 175 ms. Found 15 JPA repository interfaces.
2026-04-08 09:46:23 [main] INFO  o.s.d.r.c.RepositoryConfigurationDelegate - Multiple Spring Data modules found, entering strict repository configuration mode
2026-04-08 09:46:23 [main] INFO  o.s.d.r.c.RepositoryConfigurationDelegate - Bootstrapping Spring Data Redis repositories in DEFAULT mode.
2026-04-08 09:46:23 [main] INFO  o.s.d.r.c.RepositoryConfigurationExtensionSupport - Spring Data Redis - Could not safely identify store assignment for repository candidate interface orionpay.merchant.infrastructure.adapters.output.persistence.reposittory.JpaAuditLogRepository; If you want this repository to be a Redis repository, consider annotating your entities with one of these annotations: org.springframework.data.redis.core.RedisHash (preferred), or consider extending one of the following types with your repository: org.springframework.data.keyvalue.repository.KeyValueRepository
2026-04-08 09:46:23 [main] INFO  o.s.d.r.c.RepositoryConfigurationExtensionSupport - Spring Data Redis - Could not safely identify store assignment for repository candidate interface orionpay.merchant.infrastructure.adapters.output.persistence.reposittory.JpaAuthUserRepository; If you want this repository to be a Redis repository, consider annotating your entities with one of these annotations: org.springframework.data.redis.core.RedisHash (preferred), or consider extending one of the following types with your repository: org.springframework.data.keyvalue.repository.KeyValueRepository
2026-04-08 09:46:23 [main] INFO  o.s.d.r.c.RepositoryConfigurationExtensionSupport - Spring Data Redis - Could not safely identify store assignment for repository candidate interface orionpay.merchant.infrastructure.adapters.output.persistence.reposittory.JpaDailySummaryRepository; If you want this repository to be a Redis repository, consider annotating your entities with one of these annotations: org.springframework.data.redis.core.RedisHash (preferred), or consider extending one of the following types with your repository: org.springframework.data.keyvalue.repository.KeyValueRepository
2026-04-08 09:46:23 [main] INFO  o.s.d.r.c.RepositoryConfigurationExtensionSupport - Spring Data Redis - Could not safely identify store assignment for repository candidate interface orionpay.merchant.infrastructure.adapters.output.persistence.reposittory.JpaJournalRepository; If you want this repository to be a Redis repository, consider annotating your entities with one of these annotations: org.springframework.data.redis.core.RedisHash (preferred), or consider extending one of the following types with your repository: org.springframework.data.keyvalue.repository.KeyValueRepository
2026-04-08 09:46:23 [main] INFO  o.s.d.r.c.RepositoryConfigurationExtensionSupport - Spring Data Redis - Could not safely identify store assignment for repository candidate interface orionpay.merchant.infrastructure.adapters.output.persistence.reposittory.JpaLedgerAccountRepository; If you want this repository to be a Redis repository, consider annotating your entities with one of these annotations: org.springframework.data.redis.core.RedisHash (preferred), or consider extending one of the following types with your repository: org.springframework.data.keyvalue.repository.KeyValueRepository
2026-04-08 09:46:23 [main] INFO  o.s.d.r.c.RepositoryConfigurationExtensionSupport - Spring Data Redis - Could not safely identify store assignment for repository candidate interface orionpay.merchant.infrastructure.adapters.output.persistence.reposittory.JpaLedgerEntryRepository; If you want this repository to be a Redis repository, consider annotating your entities with one of these annotations: org.springframework.data.redis.core.RedisHash (preferred), or consider extending one of the following types with your repository: org.springframework.data.keyvalue.repository.KeyValueRepository
2026-04-08 09:46:23 [main] INFO  o.s.d.r.c.RepositoryConfigurationExtensionSupport - Spring Data Redis - Could not safely identify store assignment for repository candidate interface orionpay.merchant.infrastructure.adapters.output.persistence.reposittory.JpaMerchantRepository; If you want this repository to be a Redis repository, consider annotating your entities with one of these annotations: org.springframework.data.redis.core.RedisHash (preferred), or consider extending one of the following types with your repository: org.springframework.data.keyvalue.repository.KeyValueRepository
2026-04-08 09:46:23 [main] INFO  o.s.d.r.c.RepositoryConfigurationExtensionSupport - Spring Data Redis - Could not safely identify store assignment for repository candidate interface orionpay.merchant.infrastructure.adapters.output.persistence.reposittory.JpaOutboxRepository; If you want this repository to be a Redis repository, consider annotating your entities with one of these annotations: org.springframework.data.redis.core.RedisHash (preferred), or consider extending one of the following types with your repository: org.springframework.data.keyvalue.repository.KeyValueRepository
2026-04-08 09:46:23 [main] INFO  o.s.d.r.c.RepositoryConfigurationExtensionSupport - Spring Data Redis - Could not safely identify store assignment for repository candidate interface orionpay.merchant.infrastructure.adapters.output.persistence.reposittory.JpaPayoutRepository; If you want this repository to be a Redis repository, consider annotating your entities with one of these annotations: org.springframework.data.redis.core.RedisHash (preferred), or consider extending one of the following types with your repository: org.springframework.data.keyvalue.repository.KeyValueRepository
2026-04-08 09:46:23 [main] INFO  o.s.d.r.c.RepositoryConfigurationExtensionSupport - Spring Data Redis - Could not safely identify store assignment for repository candidate interface orionpay.merchant.infrastructure.adapters.output.persistence.reposittory.JpaPricingRepository; If you want this repository to be a Redis repository, consider annotating your entities with one of these annotations: org.springframework.data.redis.core.RedisHash (preferred), or consider extending one of the following types with your repository: org.springframework.data.keyvalue.repository.KeyValueRepository
2026-04-08 09:46:23 [main] INFO  o.s.d.r.c.RepositoryConfigurationExtensionSupport - Spring Data Redis - Could not safely identify store assignment for repository candidate interface orionpay.merchant.infrastructure.adapters.output.persistence.reposittory.JpaRefreshTokenRepository; If you want this repository to be a Redis repository, consider annotating your entities with one of these annotations: org.springframework.data.redis.core.RedisHash (preferred), or consider extending one of the following types with your repository: org.springframework.data.keyvalue.repository.KeyValueRepository
2026-04-08 09:46:23 [main] INFO  o.s.d.r.c.RepositoryConfigurationExtensionSupport - Spring Data Redis - Could not safely identify store assignment for repository candidate interface orionpay.merchant.infrastructure.adapters.output.persistence.reposittory.JpaSettlementEntryRepository; If you want this repository to be a Redis repository, consider annotating your entities with one of these annotations: org.springframework.data.redis.core.RedisHash (preferred), or consider extending one of the following types with your repository: org.springframework.data.keyvalue.repository.KeyValueRepository
2026-04-08 09:46:23 [main] INFO  o.s.d.r.c.RepositoryConfigurationExtensionSupport - Spring Data Redis - Could not safely identify store assignment for repository candidate interface orionpay.merchant.infrastructure.adapters.output.persistence.reposittory.JpaTerminalRepository; If you want this repository to be a Redis repository, consider annotating your entities with one of these annotations: org.springframework.data.redis.core.RedisHash (preferred), or consider extending one of the following types with your repository: org.springframework.data.keyvalue.repository.KeyValueRepository
2026-04-08 09:46:23 [main] INFO  o.s.d.r.c.RepositoryConfigurationExtensionSupport - Spring Data Redis - Could not safely identify store assignment for repository candidate interface orionpay.merchant.infrastructure.adapters.output.persistence.reposittory.JpaTransactionRepository; If you want this repository to be a Redis repository, consider annotating your entities with one of these annotations: org.springframework.data.redis.core.RedisHash (preferred), or consider extending one of the following types with your repository: org.springframework.data.keyvalue.repository.KeyValueRepository
2026-04-08 09:46:23 [main] INFO  o.s.d.r.c.RepositoryConfigurationExtensionSupport - Spring Data Redis - Could not safely identify store assignment for repository candidate interface orionpay.merchant.infrastructure.adapters.output.persistence.TransactionRepository; If you want this repository to be a Redis repository, consider annotating your entities with one of these annotations: org.springframework.data.redis.core.RedisHash (preferred), or consider extending one of the following types with your repository: org.springframework.data.keyvalue.repository.KeyValueRepository
2026-04-08 09:46:23 [main] INFO  o.s.d.r.c.RepositoryConfigurationDelegate - Finished Spring Data repository scanning in 30 ms. Found 0 Redis repository interfaces.
2026-04-08 09:46:24 [main] INFO  o.s.b.w.e.tomcat.TomcatWebServer - Tomcat initialized with port 8080 (http)
2026-04-08 09:46:24 [main] INFO  o.a.coyote.http11.Http11NioProtocol - Initializing ProtocolHandler ["http-nio-8080"]
2026-04-08 09:46:24 [main] INFO  o.a.catalina.core.StandardService - Starting service [Tomcat]
2026-04-08 09:46:24 [main] INFO  o.a.catalina.core.StandardEngine - Starting Servlet engine: [Apache Tomcat/10.1.52]
2026-04-08 09:46:24 [main] INFO  o.a.c.c.C.[Tomcat].[localhost].[/] - Initializing Spring embedded WebApplicationContext
2026-04-08 09:46:24 [main] INFO  o.s.b.w.s.c.ServletWebServerApplicationContext - Root WebApplicationContext: initialization completed in 2050 ms
2026-04-08 09:46:24 [main] INFO  o.h.jpa.internal.util.LogHelper - HHH000204: Processing PersistenceUnitInfo [name: default]
2026-04-08 09:46:24 [main] INFO  org.hibernate.Version - HHH000412: Hibernate ORM core version 6.6.42.Final
2026-04-08 09:46:24 [main] INFO  o.h.c.i.RegionFactoryInitiator - HHH000026: Second-level cache disabled
2026-04-08 09:46:24 [main] INFO  o.s.o.j.p.SpringPersistenceUnitInfo - No LoadTimeWeaver setup: ignoring JPA class transformer
2026-04-08 09:46:24 [main] INFO  com.zaxxer.hikari.HikariDataSource - HikariPool-1 - Starting...
2026-04-08 09:46:24 [main] INFO  com.zaxxer.hikari.pool.HikariPool - HikariPool-1 - Added connection org.postgresql.jdbc.PgConnection@3340ff7c
2026-04-08 09:46:24 [main] INFO  com.zaxxer.hikari.HikariDataSource - HikariPool-1 - Start completed.
2026-04-08 09:46:24 [main] INFO  o.hibernate.orm.connections.pooling - HHH10001005: Database info:
	Database JDBC URL [Connecting through datasource 'HikariDataSource (HikariPool-1)']
	Database driver: undefined/unknown
	Database version: 18.2
	Autocommit mode: undefined/unknown
	Isolation level: undefined/unknown
	Minimum pool size: undefined/unknown
	Maximum pool size: undefined/unknown
2026-04-08 09:46:26 [main] INFO  o.h.e.t.j.p.i.JtaPlatformInitiator - HHH000489: No JTA platform available (set 'hibernate.transaction.jta.platform' to enable JTA platform integration)
2026-04-08 09:46:26 [main] INFO  o.s.o.j.LocalContainerEntityManagerFactoryBean - Initialized JPA EntityManagerFactory for persistence unit 'default'
2026-04-08 09:46:27 [main] INFO  o.s.d.j.r.query.QueryEnhancerFactory - Hibernate is in classpath; If applicable, HQL parser will be used.
2026-04-08 09:46:28 [main] INFO  o.s.s.c.a.a.c.InitializeAuthenticationProviderBeanManagerConfigurer$InitializeAuthenticationProviderManagerConfigurer - Global AuthenticationManager configured with AuthenticationProvider bean with name authenticationProvider
2026-04-08 09:46:28 [main] WARN  o.s.s.c.a.a.c.InitializeUserDetailsBeanManagerConfigurer$InitializeUserDetailsManagerConfigurer - Global AuthenticationManager configured with an AuthenticationProvider bean. UserDetailsService beans will not be used by Spring Security for automatically configuring username/password login. Consider removing the AuthenticationProvider bean. Alternatively, consider using the UserDetailsService in a manually instantiated DaoAuthenticationProvider. If the current configuration is intentional, to turn off this warning, increase the logging level of 'org.springframework.security.config.annotation.authentication.configuration.InitializeUserDetailsBeanManagerConfigurer' to ERROR
2026-04-08 09:46:29 [main] INFO  o.m.i.a.o.p.RedisHealthCheck - Testando conexão com Redis...
2026-04-08 09:46:29 [main] INFO  o.m.i.a.o.p.RedisHealthCheck - Escrita no Redis: OK
2026-04-08 09:46:30 [main] INFO  o.m.i.a.o.p.RedisHealthCheck - Leitura no Redis: OK. Valor recuperado: Redis está UP! 2026-04-08T09:46:29.641639200
2026-04-08 09:46:30 [main] INFO  o.m.i.a.o.p.RedisHealthCheck - Deleção no Redis: OK
2026-04-08 09:46:30 [main] INFO  o.m.i.a.o.p.RedisHealthCheck - ✅ Conexão com Redis estabelecida com sucesso!
2026-04-08 09:46:30 [main] WARN  o.s.b.a.o.j.JpaBaseConfiguration$JpaWebConfiguration - spring.jpa.open-in-view is enabled by default. Therefore, database queries may be performed during view rendering. Explicitly configure spring.jpa.open-in-view to disable this warning
2026-04-08 09:46:31 [main] INFO  o.a.coyote.http11.Http11NioProtocol - Starting ProtocolHandler ["http-nio-8080"]
2026-04-08 09:46:31 [main] INFO  o.s.b.w.e.tomcat.TomcatWebServer - Tomcat started on port 8080 (http) with context path '/'
2026-04-08 09:46:31 [main] INFO  o.s.a.r.c.CachingConnectionFactory - Attempting to connect to: [localhost:5672]
2026-04-08 09:46:31 [main] INFO  o.s.a.r.c.CachingConnectionFactory - Created new connection: rabbitConnectionFactory#7a70cf38:0/SimpleConnection@68c9e07b [delegate=amqp://guest@127.0.0.1:5672/, localPort=65389]
2026-04-08 09:46:31 [main] INFO  o.m.OrionpayMerchantServiceApplication - Started OrionpayMerchantServiceApplication in 10.204 seconds (process running for 10.675)
2026-04-08 09:51:38 [http-nio-8080-exec-1] INFO  o.a.c.c.C.[Tomcat].[localhost].[/] - Initializing Spring DispatcherServlet 'dispatcherServlet'
2026-04-08 09:51:38 [http-nio-8080-exec-1] INFO  o.s.web.servlet.DispatcherServlet - Initializing Servlet 'dispatcherServlet'
2026-04-08 09:51:38 [http-nio-8080-exec-1] INFO  o.s.web.servlet.DispatcherServlet - Completed initialization in 2 ms
2026-04-08 09:51:52 [http-nio-8080-exec-2] INFO  o.m.i.a.i.r.c.WithdrawController - Auditoria: Merchant 0f6ac19c-1bc2-43f8-a289-d0cf39615f02 solicitando histórico de saques.
2026-04-08 09:51:55 [http-nio-8080-exec-7] INFO  o.m.d.service.AnticipationService - Simulando antecipação para Merchant: 0f6ac19c-1bc2-43f8-a289-d0cf39615f02
2026-04-08 09:53:12 [http-nio-8080-exec-4] INFO  o.m.d.service.AnticipationService - Simulando antecipação para Merchant: 0f6ac19c-1bc2-43f8-a289-d0cf39615f02
2026-04-08 09:55:37 [http-nio-8080-exec-4] INFO  o.m.d.service.AnticipationService - Simulando antecipação para Merchant: 0f6ac19c-1bc2-43f8-a289-d0cf39615f02
2026-04-08 09:58:54 [http-nio-8080-exec-6] INFO  o.m.d.service.AnticipationService - Simulando antecipação para Merchant: 0f6ac19c-1bc2-43f8-a289-d0cf39615f02
2026-04-08 10:10:56 [http-nio-8080-exec-6] INFO  o.m.d.service.AnticipationService - Simulando antecipação para Merchant: 0f6ac19c-1bc2-43f8-a289-d0cf39615f02
2026-04-08 10:13:20 [http-nio-8080-exec-1] INFO  o.m.i.a.i.r.c.WithdrawController - Auditoria: Merchant 0f6ac19c-1bc2-43f8-a289-d0cf39615f02 solicitando histórico de saques.
2026-04-08 10:16:35 [http-nio-8080-exec-1] INFO  o.m.d.service.AnticipationService - Simulando antecipação para Merchant: 0f6ac19c-1bc2-43f8-a289-d0cf39615f02
2026-04-08 10:24:38 [http-nio-8080-exec-7] INFO  o.m.d.service.AnticipationService - Simulando antecipação para Merchant: 0f6ac19c-1bc2-43f8-a289-d0cf39615f02
2026-04-08 10:47:48 [http-nio-8080-exec-7] INFO  o.m.d.service.AnticipationService - Simulando antecipação para Merchant: 0f6ac19c-1bc2-43f8-a289-d0cf39615f02
2026-04-08 10:48:29 [http-nio-8080-exec-3] INFO  o.m.d.service.AnticipationService - Simulando antecipação para Merchant: 0f6ac19c-1bc2-43f8-a289-d0cf39615f02
2026-04-08 10:52:58 [http-nio-8080-exec-10] INFO  o.m.d.service.AnticipationService - Simulando antecipação para Merchant: 0f6ac19c-1bc2-43f8-a289-d0cf39615f02
2026-04-08 10:56:56 [http-nio-8080-exec-6] INFO  o.m.i.a.i.r.c.WithdrawController - Auditoria: Merchant 0f6ac19c-1bc2-43f8-a289-d0cf39615f02 solicitando histórico de saques.
2026-04-08 10:58:05 [http-nio-8080-exec-8] INFO  o.m.d.service.AnticipationService - Simulando antecipação para Merchant: 0f6ac19c-1bc2-43f8-a289-d0cf39615f02
2026-04-08 10:59:01 [http-nio-8080-exec-1] INFO  o.m.d.service.AnticipationService - Simulando antecipação para Merchant: 0f6ac19c-1bc2-43f8-a289-d0cf39615f02
2026-04-08 11:20:57 [http-nio-8080-exec-4] INFO  o.m.d.service.AnticipationService - Simulando antecipação para Merchant: 0f6ac19c-1bc2-43f8-a289-d0cf39615f02
2026-04-08 11:25:36 [http-nio-8080-exec-6] INFO  o.m.domain.service.PrepaymentUseCase - Executando Lote de Antecipação: c3ec38cb-0e0a-4293-b7ec-204ecac6396b | Merchant: 0f6ac19c-1bc2-43f8-a289-d0cf39615f02
2026-04-08 11:25:37 [http-nio-8080-exec-6] INFO  o.m.i.a.o.p.LedgerRepositoryAdapter - Lançamento de PREPAYMENT_CREDIT registrado para a conta ACC-0F6AC19C [Journal: cf14e195-3dcb-40d3-8f36-a0d85bf87451] | Disponível em: 2026-04-08T11:25:37.023080200
2026-04-08 11:25:37 [http-nio-8080-exec-6] INFO  o.m.i.a.o.p.LedgerRepositoryAdapter - Lançamento de PREPAYMENT_FEE registrado para a conta ACC-0F6AC19C [Journal: cf14e195-3dcb-40d3-8f36-a0d85bf87451] | Disponível em: 2026-04-08T11:25:37.055615300
2026-04-08 11:25:37 [http-nio-8080-exec-6] INFO  o.m.domain.service.PrepaymentUseCase - Lote c3ec38cb-0e0a-4293-b7ec-204ecac6396b finalizado. Crédito Lojista: R$ 3829.2800
2026-04-08 11:25:37 [http-nio-8080-exec-4] INFO  o.m.d.service.AnticipationService - Simulando antecipação para Merchant: 0f6ac19c-1bc2-43f8-a289-d0cf39615f02
2026-04-08 11:25:37 [http-nio-8080-exec-9] INFO  o.m.d.service.AnticipationService - Simulando antecipação para Merchant: 0f6ac19c-1bc2-43f8-a289-d0cf39615f02
2026-04-08 11:27:09 [http-nio-8080-exec-7] INFO  o.m.d.service.AnticipationService - Simulando antecipação para Merchant: 0f6ac19c-1bc2-43f8-a289-d0cf39615f02
2026-04-08 11:27:30 [http-nio-8080-exec-10] INFO  o.m.d.service.IdempotencyService - Retornando resposta em cache para chave: ororrprssdfsdf
2026-04-08 11:27:30 [http-nio-8080-exec-10] INFO  o.m.d.s.AuthorizeTransactionUseCase - Requisição de autorização idempotente (já processada). Chave: ororrprssdfsdf
2026-04-08 11:28:17 [http-nio-8080-exec-4] INFO  o.m.d.service.IdempotencyService - Chave de idempotência bloqueada: isopsodif
2026-04-08 11:28:17 [http-nio-8080-exec-4] INFO  o.m.d.s.AuthorizeTransactionUseCase - Iniciando autorização de transação para o merchantId: 0f6ac19c-1bc2-43f8-a289-d0cf39615f02 | Valor: 1000.00
2026-04-08 11:28:17 [http-nio-8080-exec-4] INFO  o.m.d.s.AuthorizeTransactionUseCase - Enviando transação para o Gateway. TransactionId: d788500c-608a-450f-90d7-94ed00e99d02
2026-04-08 11:28:17 [http-nio-8080-exec-4] INFO  o.m.a.p.o.g.MockPaymentGatewayAdapter - >>> [MOCK GATEWAY] Autorizando transação de R$ 1000.00 p/ Cartão final 2211
2026-04-08 11:28:17 [http-nio-8080-exec-4] INFO  o.m.d.s.AuthorizeTransactionUseCase - Transação autorizada e persistida com sucesso. ID: d788500c-608a-450f-90d7-94ed00e99d02 | NSU: 5658497140
2026-04-08 11:28:17 [scheduling-1] INFO  o.m.i.a.output.messaging.OutboxRelay - Processando 1 eventos pendentes na Outbox...
2026-04-08 11:28:17 [org.springframework.amqp.rabbit.RabbitListenerEndpointContainer#0-1] INFO  o.m.domain.service.SettlementService - Iniciando orquestração de liquidação | Transação: d788500c-608a-450f-90d7-94ed00e99d02
2026-04-08 11:28:17 [org.springframework.amqp.rabbit.RabbitListenerEndpointContainer#0-1] INFO  o.m.i.a.o.p.LedgerRepositoryAdapter - Lançamento de CREDIT registrado para a conta ACC-0F6AC19C [Journal: 7174b20e-1de2-42bf-a588-d2fa4f2ed724] | Disponível em: 2026-05-08T11:28:17.149767
2026-04-08 11:28:17 [org.springframework.amqp.rabbit.RabbitListenerEndpointContainer#0-1] INFO  o.m.domain.service.SettlementService - Parcela 1 promovida para SCHEDULED via Ledger.
2026-04-08 11:28:17 [org.springframework.amqp.rabbit.RabbitListenerEndpointContainer#0-1] INFO  o.m.i.a.o.p.LedgerRepositoryAdapter - Lançamento de CREDIT registrado para a conta ACC-0F6AC19C [Journal: 7174b20e-1de2-42bf-a588-d2fa4f2ed724] | Disponível em: 2026-06-08T11:28:17.149767
2026-04-08 11:28:17 [org.springframework.amqp.rabbit.RabbitListenerEndpointContainer#0-1] INFO  o.m.domain.service.SettlementService - Parcela 2 promovida para SCHEDULED via Ledger.
2026-04-08 11:28:17 [org.springframework.amqp.rabbit.RabbitListenerEndpointContainer#0-1] INFO  o.m.i.a.o.p.LedgerRepositoryAdapter - Lançamento de CREDIT registrado para a conta ACC-0F6AC19C [Journal: 7174b20e-1de2-42bf-a588-d2fa4f2ed724] | Disponível em: 2026-07-08T11:28:17.149767
2026-04-08 11:28:17 [org.springframework.amqp.rabbit.RabbitListenerEndpointContainer#0-1] INFO  o.m.domain.service.SettlementService - Parcela 3 promovida para SCHEDULED via Ledger.
2026-04-08 11:28:17 [org.springframework.amqp.rabbit.RabbitListenerEndpointContainer#0-1] INFO  o.m.i.a.o.p.LedgerRepositoryAdapter - Lançamento de CREDIT registrado para a conta ACC-0F6AC19C [Journal: 7174b20e-1de2-42bf-a588-d2fa4f2ed724] | Disponível em: 2026-08-08T11:28:17.149767
2026-04-08 11:28:17 [org.springframework.amqp.rabbit.RabbitListenerEndpointContainer#0-1] INFO  o.m.domain.service.SettlementService - Parcela 4 promovida para SCHEDULED via Ledger.
2026-04-08 11:28:17 [org.springframework.amqp.rabbit.RabbitListenerEndpointContainer#0-1] INFO  o.m.i.a.o.p.LedgerRepositoryAdapter - Lançamento de CREDIT registrado para a conta ACC-0F6AC19C [Journal: 7174b20e-1de2-42bf-a588-d2fa4f2ed724] | Disponível em: 2026-09-08T11:28:17.149767
2026-04-08 11:28:17 [org.springframework.amqp.rabbit.RabbitListenerEndpointContainer#0-1] INFO  o.m.domain.service.SettlementService - Parcela 5 promovida para SCHEDULED via Ledger.
2026-04-08 11:28:17 [org.springframework.amqp.rabbit.RabbitListenerEndpointContainer#0-1] INFO  o.m.i.a.o.p.LedgerRepositoryAdapter - Lançamento de CREDIT registrado para a conta ACC-0F6AC19C [Journal: 7174b20e-1de2-42bf-a588-d2fa4f2ed724] | Disponível em: 2026-10-08T11:28:17.149767
2026-04-08 11:28:17 [org.springframework.amqp.rabbit.RabbitListenerEndpointContainer#0-1] INFO  o.m.domain.service.SettlementService - Parcela 6 promovida para SCHEDULED via Ledger.
2026-04-08 11:28:17 [org.springframework.amqp.rabbit.RabbitListenerEndpointContainer#0-1] INFO  o.m.i.a.o.p.LedgerRepositoryAdapter - Lançamento de CREDIT registrado para a conta ACC-0F6AC19C [Journal: 7174b20e-1de2-42bf-a588-d2fa4f2ed724] | Disponível em: 2026-11-08T11:28:17.149767
2026-04-08 11:28:17 [org.springframework.amqp.rabbit.RabbitListenerEndpointContainer#0-1] INFO  o.m.domain.service.SettlementService - Parcela 7 promovida para SCHEDULED via Ledger.
2026-04-08 11:28:17 [org.springframework.amqp.rabbit.RabbitListenerEndpointContainer#0-1] INFO  o.m.i.a.o.p.LedgerRepositoryAdapter - Lançamento de CREDIT registrado para a conta ACC-0F6AC19C [Journal: 7174b20e-1de2-42bf-a588-d2fa4f2ed724] | Disponível em: 2026-12-08T11:28:17.149767
2026-04-08 11:28:17 [org.springframework.amqp.rabbit.RabbitListenerEndpointContainer#0-1] INFO  o.m.domain.service.SettlementService - Parcela 8 promovida para SCHEDULED via Ledger.
2026-04-08 11:28:17 [org.springframework.amqp.rabbit.RabbitListenerEndpointContainer#0-1] INFO  o.m.i.a.o.p.LedgerRepositoryAdapter - Lançamento de CREDIT registrado para a conta ACC-0F6AC19C [Journal: 7174b20e-1de2-42bf-a588-d2fa4f2ed724] | Disponível em: 2027-01-08T11:28:17.149767
2026-04-08 11:28:17 [org.springframework.amqp.rabbit.RabbitListenerEndpointContainer#0-1] INFO  o.m.domain.service.SettlementService - Parcela 9 promovida para SCHEDULED via Ledger.
2026-04-08 11:28:17 [org.springframework.amqp.rabbit.RabbitListenerEndpointContainer#0-1] INFO  o.m.i.a.o.p.LedgerRepositoryAdapter - Lançamento de CREDIT registrado para a conta ACC-0F6AC19C [Journal: 7174b20e-1de2-42bf-a588-d2fa4f2ed724] | Disponível em: 2027-02-08T11:28:17.149767
2026-04-08 11:28:17 [org.springframework.amqp.rabbit.RabbitListenerEndpointContainer#0-1] INFO  o.m.domain.service.SettlementService - Parcela 10 promovida para SCHEDULED via Ledger.
2026-04-08 11:28:17 [org.springframework.amqp.rabbit.RabbitListenerEndpointContainer#0-1] INFO  o.m.domain.service.SettlementService - Orquestração de liquidação finalizada com sucesso para transação: d788500c-608a-450f-90d7-94ed00e99d02
2026-04-08 11:28:21 [http-nio-8080-exec-5] INFO  o.m.d.service.AnticipationService - Simulando antecipação para Merchant: 0f6ac19c-1bc2-43f8-a289-d0cf39615f02
2026-04-08 11:35:38 [http-nio-8080-exec-3] INFO  o.m.d.service.AnticipationService - Simulando antecipação para Merchant: 0f6ac19c-1bc2-43f8-a289-d0cf39615f02
2026-04-08 11:44:03 [http-nio-8080-exec-7] INFO  o.m.i.a.i.r.c.WithdrawController - Auditoria: Merchant 0f6ac19c-1bc2-43f8-a289-d0cf39615f02 solicitando histórico de saques.
2026-04-08 11:44:04 [http-nio-8080-exec-8] INFO  o.m.d.service.AnticipationService - Simulando antecipação para Merchant: 0f6ac19c-1bc2-43f8-a289-d0cf39615f02
2026-04-08 11:45:07 [http-nio-8080-exec-8] INFO  o.m.i.a.i.r.c.WithdrawController - Auditoria: Merchant 0f6ac19c-1bc2-43f8-a289-d0cf39615f02 solicitando histórico de saques.
2026-04-08 11:45:55 [http-nio-8080-exec-7] INFO  o.m.d.service.AnticipationService - Simulando antecipação para Merchant: 0f6ac19c-1bc2-43f8-a289-d0cf39615f02
2026-04-08 11:49:13 [http-nio-8080-exec-7] INFO  o.m.d.service.AnticipationService - Simulando antecipação para Merchant: 0f6ac19c-1bc2-43f8-a289-d0cf39615f02
2026-04-08 11:49:34 [http-nio-8080-exec-9] INFO  o.m.d.service.AnticipationService - Simulando antecipação para Merchant: 0f6ac19c-1bc2-43f8-a289-d0cf39615f02
2026-04-08 11:53:14 [http-nio-8080-exec-10] INFO  o.m.d.service.AnticipationService - Simulando antecipação para Merchant: 0f6ac19c-1bc2-43f8-a289-d0cf39615f02
2026-04-08 11:58:25 [http-nio-8080-exec-9] INFO  o.m.d.service.AnticipationService - Simulando antecipação para Merchant: 0f6ac19c-1bc2-43f8-a289-d0cf39615f02
2026-04-08 11:59:38 [http-nio-8080-exec-6] INFO  o.m.domain.service.PrepaymentUseCase - Executando Lote de Antecipação: dd680f7c-5e7b-417d-8db9-e88409717604 | Merchant: 0f6ac19c-1bc2-43f8-a289-d0cf39615f02
2026-04-08 11:59:38 [http-nio-8080-exec-6] INFO  o.m.i.a.o.p.LedgerRepositoryAdapter - Lançamento de PREPAYMENT_CREDIT registrado para a conta ACC-0F6AC19C [Journal: 969b266e-cc0a-43d8-92dc-9e7a486618c6] | Disponível em: 2026-04-08T11:59:38.066411500
2026-04-08 11:59:38 [http-nio-8080-exec-6] INFO  o.m.i.a.o.p.LedgerRepositoryAdapter - Lançamento de PREPAYMENT_FEE registrado para a conta ACC-0F6AC19C [Journal: 969b266e-cc0a-43d8-92dc-9e7a486618c6] | Disponível em: 2026-04-08T11:59:38.072990900
2026-04-08 11:59:38 [http-nio-8080-exec-6] INFO  o.m.domain.service.PrepaymentUseCase - Lote dd680f7c-5e7b-417d-8db9-e88409717604 finalizado. Crédito Lojista: R$ 93.9900
2026-04-08 11:59:38 [http-nio-8080-exec-9] INFO  o.m.d.service.AnticipationService - Simulando antecipação para Merchant: 0f6ac19c-1bc2-43f8-a289-d0cf39615f02
2026-04-08 11:59:38 [http-nio-8080-exec-8] INFO  o.m.d.service.AnticipationService - Simulando antecipação para Merchant: 0f6ac19c-1bc2-43f8-a289-d0cf39615f02
2026-04-08 11:59:57 [http-nio-8080-exec-3] INFO  o.m.domain.service.PrepaymentUseCase - Executando Lote de Antecipação: e686624c-5a77-4266-b598-7880f9e67c9d | Merchant: 0f6ac19c-1bc2-43f8-a289-d0cf39615f02
2026-04-08 11:59:57 [http-nio-8080-exec-3] INFO  o.m.i.a.o.p.LedgerRepositoryAdapter - Lançamento de PREPAYMENT_CREDIT registrado para a conta ACC-0F6AC19C [Journal: 2db9f599-3416-454a-bbda-351ccd21710a] | Disponível em: 2026-04-08T11:59:57.557617300
2026-04-08 11:59:57 [http-nio-8080-exec-3] INFO  o.m.i.a.o.p.LedgerRepositoryAdapter - Lançamento de PREPAYMENT_FEE registrado para a conta ACC-0F6AC19C [Journal: 2db9f599-3416-454a-bbda-351ccd21710a] | Disponível em: 2026-04-08T11:59:57.561225600
2026-04-08 11:59:57 [http-nio-8080-exec-3] INFO  o.m.domain.service.PrepaymentUseCase - Lote e686624c-5a77-4266-b598-7880f9e67c9d finalizado. Crédito Lojista: R$ 92.4300
2026-04-08 11:59:57 [http-nio-8080-exec-4] INFO  o.m.d.service.AnticipationService - Simulando antecipação para Merchant: 0f6ac19c-1bc2-43f8-a289-d0cf39615f02
2026-04-08 11:59:57 [http-nio-8080-exec-10] INFO  o.m.d.service.AnticipationService - Simulando antecipação para Merchant: 0f6ac19c-1bc2-43f8-a289-d0cf39615f02
2026-04-08 12:00:48 [http-nio-8080-exec-7] INFO  o.m.domain.service.PrepaymentUseCase - Executando Lote de Antecipação: 146a96f3-e437-4007-94fb-eb7283545bae | Merchant: 0f6ac19c-1bc2-43f8-a289-d0cf39615f02
2026-04-08 12:00:48 [http-nio-8080-exec-7] INFO  o.m.i.a.o.p.LedgerRepositoryAdapter - Lançamento de PREPAYMENT_CREDIT registrado para a conta ACC-0F6AC19C [Journal: fef11e05-ef16-4721-aa09-f1ff723a10fa] | Disponível em: 2026-04-08T12:00:48.328439200
2026-04-08 12:00:48 [http-nio-8080-exec-7] INFO  o.m.i.a.o.p.LedgerRepositoryAdapter - Lançamento de PREPAYMENT_FEE registrado para a conta ACC-0F6AC19C [Journal: fef11e05-ef16-4721-aa09-f1ff723a10fa] | Disponível em: 2026-04-08T12:00:48.333574200
2026-04-08 12:00:48 [http-nio-8080-exec-7] INFO  o.m.domain.service.PrepaymentUseCase - Lote 146a96f3-e437-4007-94fb-eb7283545bae finalizado. Crédito Lojista: R$ 684.1300
2026-04-08 12:00:48 [http-nio-8080-exec-6] INFO  o.m.d.service.AnticipationService - Simulando antecipação para Merchant: 0f6ac19c-1bc2-43f8-a289-d0cf39615f02
2026-04-08 12:00:48 [http-nio-8080-exec-9] INFO  o.m.d.service.AnticipationService - Simulando antecipação para Merchant: 0f6ac19c-1bc2-43f8-a289-d0cf39615f02
2026-04-08 12:01:24 [http-nio-8080-exec-3] INFO  o.m.d.service.AnticipationService - Simulando antecipação para Merchant: 0f6ac19c-1bc2-43f8-a289-d0cf39615f02
2026-04-08 12:05:56 [http-nio-8080-exec-9] INFO  o.m.d.service.IdempotencyService - Chave de idempotência bloqueada: isopsodifsdfsf
2026-04-08 12:05:56 [http-nio-8080-exec-9] INFO  o.m.d.s.AuthorizeTransactionUseCase - Iniciando autorização de transação para o merchantId: 0f6ac19c-1bc2-43f8-a289-d0cf39615f02 | Valor: 1000.00
2026-04-08 12:05:56 [http-nio-8080-exec-9] INFO  o.m.d.s.AuthorizeTransactionUseCase - Enviando transação para o Gateway. TransactionId: 07ee0bae-6d41-47ab-b873-aaf1f8de010c
2026-04-08 12:05:56 [http-nio-8080-exec-9] INFO  o.m.a.p.o.g.MockPaymentGatewayAdapter - >>> [MOCK GATEWAY] Autorizando transação de R$ 1000.00 p/ Cartão final 2211
2026-04-08 12:05:56 [http-nio-8080-exec-9] INFO  o.m.d.s.AuthorizeTransactionUseCase - Transação autorizada e persistida com sucesso. ID: 07ee0bae-6d41-47ab-b873-aaf1f8de010c | NSU: 5660756262
2026-04-08 12:05:56 [scheduling-1] INFO  o.m.i.a.output.messaging.OutboxRelay - Processando 1 eventos pendentes na Outbox...
2026-04-08 12:05:56 [org.springframework.amqp.rabbit.RabbitListenerEndpointContainer#0-1] INFO  o.m.domain.service.SettlementService - Iniciando orquestração de liquidação | Transação: 07ee0bae-6d41-47ab-b873-aaf1f8de010c
2026-04-08 12:05:56 [org.springframework.amqp.rabbit.RabbitListenerEndpointContainer#0-1] INFO  o.m.i.a.o.p.LedgerRepositoryAdapter - Lançamento de CREDIT registrado para a conta ACC-0F6AC19C [Journal: eba801fd-2464-4a9f-8735-b22d2ecf3ff7] | Disponível em: 2026-05-08T12:05:56.266235
2026-04-08 12:05:56 [org.springframework.amqp.rabbit.RabbitListenerEndpointContainer#0-1] INFO  o.m.domain.service.SettlementService - Parcela 1 promovida para SCHEDULED via Ledger.
2026-04-08 12:05:56 [org.springframework.amqp.rabbit.RabbitListenerEndpointContainer#0-1] INFO  o.m.i.a.o.p.LedgerRepositoryAdapter - Lançamento de CREDIT registrado para a conta ACC-0F6AC19C [Journal: eba801fd-2464-4a9f-8735-b22d2ecf3ff7] | Disponível em: 2026-06-08T12:05:56.266235
2026-04-08 12:05:56 [org.springframework.amqp.rabbit.RabbitListenerEndpointContainer#0-1] INFO  o.m.domain.service.SettlementService - Parcela 2 promovida para SCHEDULED via Ledger.
2026-04-08 12:05:56 [org.springframework.amqp.rabbit.RabbitListenerEndpointContainer#0-1] INFO  o.m.i.a.o.p.LedgerRepositoryAdapter - Lançamento de CREDIT registrado para a conta ACC-0F6AC19C [Journal: eba801fd-2464-4a9f-8735-b22d2ecf3ff7] | Disponível em: 2026-07-08T12:05:56.266235
2026-04-08 12:05:56 [org.springframework.amqp.rabbit.RabbitListenerEndpointContainer#0-1] INFO  o.m.domain.service.SettlementService - Parcela 3 promovida para SCHEDULED via Ledger.
2026-04-08 12:05:56 [org.springframework.amqp.rabbit.RabbitListenerEndpointContainer#0-1] INFO  o.m.i.a.o.p.LedgerRepositoryAdapter - Lançamento de CREDIT registrado para a conta ACC-0F6AC19C [Journal: eba801fd-2464-4a9f-8735-b22d2ecf3ff7] | Disponível em: 2026-08-08T12:05:56.266235
2026-04-08 12:05:56 [org.springframework.amqp.rabbit.RabbitListenerEndpointContainer#0-1] INFO  o.m.domain.service.SettlementService - Parcela 4 promovida para SCHEDULED via Ledger.
2026-04-08 12:05:56 [org.springframework.amqp.rabbit.RabbitListenerEndpointContainer#0-1] INFO  o.m.i.a.o.p.LedgerRepositoryAdapter - Lançamento de CREDIT registrado para a conta ACC-0F6AC19C [Journal: eba801fd-2464-4a9f-8735-b22d2ecf3ff7] | Disponível em: 2026-09-08T12:05:56.266235
2026-04-08 12:05:56 [org.springframework.amqp.rabbit.RabbitListenerEndpointContainer#0-1] INFO  o.m.domain.service.SettlementService - Parcela 5 promovida para SCHEDULED via Ledger.
2026-04-08 12:05:56 [org.springframework.amqp.rabbit.RabbitListenerEndpointContainer#0-1] INFO  o.m.i.a.o.p.LedgerRepositoryAdapter - Lançamento de CREDIT registrado para a conta ACC-0F6AC19C [Journal: eba801fd-2464-4a9f-8735-b22d2ecf3ff7] | Disponível em: 2026-10-08T12:05:56.266235
2026-04-08 12:05:56 [org.springframework.amqp.rabbit.RabbitListenerEndpointContainer#0-1] INFO  o.m.domain.service.SettlementService - Parcela 6 promovida para SCHEDULED via Ledger.
2026-04-08 12:05:56 [org.springframework.amqp.rabbit.RabbitListenerEndpointContainer#0-1] INFO  o.m.i.a.o.p.LedgerRepositoryAdapter - Lançamento de CREDIT registrado para a conta ACC-0F6AC19C [Journal: eba801fd-2464-4a9f-8735-b22d2ecf3ff7] | Disponível em: 2026-11-08T12:05:56.266235
2026-04-08 12:05:56 [org.springframework.amqp.rabbit.RabbitListenerEndpointContainer#0-1] INFO  o.m.domain.service.SettlementService - Parcela 7 promovida para SCHEDULED via Ledger.
2026-04-08 12:05:56 [org.springframework.amqp.rabbit.RabbitListenerEndpointContainer#0-1] INFO  o.m.i.a.o.p.LedgerRepositoryAdapter - Lançamento de CREDIT registrado para a conta ACC-0F6AC19C [Journal: eba801fd-2464-4a9f-8735-b22d2ecf3ff7] | Disponível em: 2026-12-08T12:05:56.266235
2026-04-08 12:05:56 [org.springframework.amqp.rabbit.RabbitListenerEndpointContainer#0-1] INFO  o.m.domain.service.SettlementService - Parcela 8 promovida para SCHEDULED via Ledger.
2026-04-08 12:05:56 [org.springframework.amqp.rabbit.RabbitListenerEndpointContainer#0-1] INFO  o.m.i.a.o.p.LedgerRepositoryAdapter - Lançamento de CREDIT registrado para a conta ACC-0F6AC19C [Journal: eba801fd-2464-4a9f-8735-b22d2ecf3ff7] | Disponível em: 2027-01-08T12:05:56.266235
2026-04-08 12:05:56 [org.springframework.amqp.rabbit.RabbitListenerEndpointContainer#0-1] INFO  o.m.domain.service.SettlementService - Parcela 9 promovida para SCHEDULED via Ledger.
2026-04-08 12:05:56 [org.springframework.amqp.rabbit.RabbitListenerEndpointContainer#0-1] INFO  o.m.i.a.o.p.LedgerRepositoryAdapter - Lançamento de CREDIT registrado para a conta ACC-0F6AC19C [Journal: eba801fd-2464-4a9f-8735-b22d2ecf3ff7] | Disponível em: 2027-02-08T12:05:56.266235
2026-04-08 12:05:56 [org.springframework.amqp.rabbit.RabbitListenerEndpointContainer#0-1] INFO  o.m.domain.service.SettlementService - Parcela 10 promovida para SCHEDULED via Ledger.
2026-04-08 12:05:56 [org.springframework.amqp.rabbit.RabbitListenerEndpointContainer#0-1] INFO  o.m.domain.service.SettlementService - Orquestração de liquidação finalizada com sucesso para transação: 07ee0bae-6d41-47ab-b873-aaf1f8de010c
2026-04-08 12:06:06 [http-nio-8080-exec-2] INFO  o.m.d.service.AnticipationService - Simulando antecipação para Merchant: 0f6ac19c-1bc2-43f8-a289-d0cf39615f02
2026-04-08 12:12:53 [http-nio-8080-exec-4] INFO  o.m.i.a.i.r.c.WithdrawController - Auditoria: Merchant 0f6ac19c-1bc2-43f8-a289-d0cf39615f02 solicitando histórico de saques.
2026-04-08 12:12:56 [http-nio-8080-exec-1] INFO  o.m.d.service.AnticipationService - Simulando antecipação para Merchant: 0f6ac19c-1bc2-43f8-a289-d0cf39615f02
2026-04-08 12:29:32 [http-nio-8080-exec-2] INFO  o.m.d.service.AnticipationService - Simulando antecipação para Merchant: 0f6ac19c-1bc2-43f8-a289-d0cf39615f02
2026-04-08 13:06:13 [http-nio-8080-exec-2] INFO  o.m.i.a.i.r.c.WithdrawController - Auditoria: Merchant 0f6ac19c-1bc2-43f8-a289-d0cf39615f02 solicitando histórico de saques.
2026-04-08 13:06:15 [http-nio-8080-exec-10] INFO  o.m.d.service.AnticipationService - Simulando antecipação para Merchant: 0f6ac19c-1bc2-43f8-a289-d0cf39615f02
